<?xml version="1.0" encoding="UTF-8"?>
<!-- Generated by org.testng.reporters.JUnitReportReporter -->
<testsuite hostname="DESKTOP-DSBT63E" failures="0" tests="1" name="com.cucumber.TestRunner.UserGenSingleMobileWithless10digitsRunner" time="32.231" errors="0" timestamp="2 Apr 2024 12:47:34 GMT">
  <testcase classname="com.cucumber.TestRunner.UserGenSingleMobileWithless10digitsRunner" name="feature" time="32.231"/>
</testsuite> <!-- com.cucumber.TestRunner.UserGenSingleMobileWithless10digitsRunner -->
