<?xml version="1.0" encoding="UTF-8"?>
<!-- Generated by org.testng.reporters.JUnitReportReporter -->
<testsuite hostname="DESKTOP-DSBT63E" failures="0" tests="1" name="com.cucumber.TestRunner.OrgSalesReceiptsRunner" time="76.245" errors="0" timestamp="2 Apr 2024 12:47:34 GMT">
  <testcase classname="com.cucumber.TestRunner.OrgSalesReceiptsRunner" name="feature" time="76.245"/>
</testsuite> <!-- com.cucumber.TestRunner.OrgSalesReceiptsRunner -->
