<?xml version="1.0" encoding="UTF-8"?>
<!-- Generated by org.testng.reporters.JUnitReportReporter -->
<testsuite hostname="DESKTOP-DSBT63E" failures="0" tests="1" name="com.cucumber.TestRunner.AdminGeneratedCertificatesNewMailEditRunner" time="25.948" errors="0" timestamp="15 Apr 2024 09:32:58 GMT">
  <testcase classname="com.cucumber.TestRunner.AdminGeneratedCertificatesNewMailEditRunner" name="feature" time="25.948"/>
</testsuite> <!-- com.cucumber.TestRunner.AdminGeneratedCertificatesNewMailEditRunner -->
