<?xml version="1.0" encoding="UTF-8"?>
<!-- Generated by org.testng.reporters.JUnitReportReporter -->
<testsuite hostname="DESKTOP-DSBT63E" failures="0" tests="1" name="com.cucumber.TestRunner.OrgSalesChangePasswordRunner" time="56.274" errors="0" timestamp="2 Apr 2024 12:47:34 GMT">
  <testcase classname="com.cucumber.TestRunner.OrgSalesChangePasswordRunner" name="feature" time="56.274"/>
</testsuite> <!-- com.cucumber.TestRunner.OrgSalesChangePasswordRunner -->
