<?xml version="1.0" encoding="UTF-8"?>
<!-- Generated by org.testng.reporters.JUnitReportReporter -->
<testsuite hostname="DESKTOP-DSBT63E" failures="0" tests="1" name="com.cucumber.TestRunner.UserVerifyCertificatesRunner" time="37.184" errors="0" timestamp="4 Apr 2024 05:47:37 GMT">
  <testcase classname="com.cucumber.TestRunner.UserVerifyCertificatesRunner" name="feature" time="37.184"/>
</testsuite> <!-- com.cucumber.TestRunner.UserVerifyCertificatesRunner -->
