<?xml version="1.0" encoding="UTF-8"?>
<!-- Generated by org.testng.reporters.JUnitReportReporter -->
<testsuite hostname="DESKTOP-DSBT63E" failures="0" tests="1" name="com.cucumber.TestRunner.UserDashboardViewAllGenerationsRunner" time="29.545" errors="0" timestamp="4 Apr 2024 05:47:37 GMT">
  <testcase classname="com.cucumber.TestRunner.UserDashboardViewAllGenerationsRunner" name="feature" time="29.545"/>
</testsuite> <!-- com.cucumber.TestRunner.UserDashboardViewAllGenerationsRunner -->
