<?xml version="1.0" encoding="UTF-8"?>
<!-- Generated by org.testng.reporters.JUnitReportReporter -->
<testsuite hostname="Sapphirus-ss142" failures="0" tests="1" name="com.cucumber.TestRunner.AdminRegistrationRunner" time="29.283" errors="0" timestamp="10 May 2024 12:42:21 GMT">
  <testcase classname="com.cucumber.TestRunner.AdminRegistrationRunner" name="feature" time="29.283"/>
</testsuite> <!-- com.cucumber.TestRunner.AdminRegistrationRunner -->
