<?xml version="1.0" encoding="UTF-8"?>
<!-- Generated by org.testng.reporters.JUnitReportReporter -->
<testsuite hostname="DESKTOP-DSBT63E" failures="0" tests="1" name="com.cucumber.TestRunner.OrgSalesViewInstitutionsRunner" time="80.530" errors="0" timestamp="3 Apr 2024 13:20:35 GMT">
  <testcase classname="com.cucumber.TestRunner.OrgSalesViewInstitutionsRunner" name="feature" time="80.530"/>
</testsuite> <!-- com.cucumber.TestRunner.OrgSalesViewInstitutionsRunner -->
