<?xml version="1.0" encoding="UTF-8"?>
<!-- Generated by org.testng.reporters.JUnitReportReporter -->
<testsuite hostname="DESKTOP-DSBT63E" failures="0" tests="1" name="com.cucumber.TestRunner.UserGenSingleByUploadingJPEGfileRunner" time="10.079" errors="0" timestamp="2 Apr 2024 12:47:34 GMT">
  <testcase classname="com.cucumber.TestRunner.UserGenSingleByUploadingJPEGfileRunner" name="feature" time="10.079"/>
</testsuite> <!-- com.cucumber.TestRunner.UserGenSingleByUploadingJPEGfileRunner -->
