<?xml version="1.0" encoding="UTF-8"?>
<!-- Generated by org.testng.reporters.JUnitReportReporter -->
<testsuite hostname="DESKTOP-DSBT63E" failures="0" tests="1" name="com.cucumber.TestRunner.OrgSalesViewUserListRunner" time="46.561" errors="0" timestamp="3 Apr 2024 13:20:35 GMT">
  <testcase classname="com.cucumber.TestRunner.OrgSalesViewUserListRunner" name="feature" time="46.561"/>
</testsuite> <!-- com.cucumber.TestRunner.OrgSalesViewUserListRunner -->
