<?xml version="1.0" encoding="UTF-8"?>
<!-- Generated by org.testng.reporters.JUnitReportReporter -->
<testsuite hostname="Sapphirus-ss142" failures="0" tests="1" name="com.cucumber.TestRunner.AdminGeneratedCertificatesRunner" time="14.438" errors="0" timestamp="10 May 2024 12:40:57 GMT">
  <testcase classname="com.cucumber.TestRunner.AdminGeneratedCertificatesRunner" name="feature" time="14.438"/>
</testsuite> <!-- com.cucumber.TestRunner.AdminGeneratedCertificatesRunner -->
