<?xml version="1.0" encoding="UTF-8"?>
<!-- Generated by org.testng.reporters.JUnitReportReporter -->
<testsuite hostname="DESKTOP-DSBT63E" failures="0" tests="1" name="com.cucumber.TestRunner.UserGeneratedCertificatesRunner" time="0.083" errors="0" timestamp="2 Apr 2024 12:47:34 GMT">
  <testcase classname="com.cucumber.TestRunner.UserGeneratedCertificatesRunner" name="feature" time="0.083"/>
</testsuite> <!-- com.cucumber.TestRunner.UserGeneratedCertificatesRunner -->
